app/build/outputs/logs/manifest-merger-debug-report.txt
-- Merging decision tree log ---
manifest
ADDED from src/main/AndroidManifest.xml:2:1-21:12
	xmlns:android
		ADDED from src/main/AndroidManifest.xml:3:11-69
	package
		ADDED from src/main/AndroidManifest.xml:2:11-54
		INJECTED from src/main/AndroidManifest.xml
		INJECTED from src/main/AndroidManifest.xml
	android:versionName
		INJECTED from src/main/AndroidManifest.xml
		INJECTED from src/main/AndroidManifest.xml
	android:versionCode
		INJECTED from src/main/AndroidManifest.xml
		INJECTED from src/main/AndroidManifest.xml
application
ADDED from src/main/AndroidManifest.xml:5:3-19:17
MERGED from [com.android.support:appcompat-v7:21.0.0] AndroidManifest.xml:16:5-19
MERGED from [com.android.support:support-v4:21.0.0] AndroidManifest.xml:16:5-19
MERGED from [com.android.support:support-v4:21.0.0] AndroidManifest.xml:16:5-19
	android:label
		ADDED from src/main/AndroidManifest.xml:8:5-37
	android:allowBackup
		ADDED from src/main/AndroidManifest.xml:6:5-31
	android:icon
		ADDED from src/main/AndroidManifest.xml:7:5-42
	android:theme
		ADDED from src/main/AndroidManifest.xml:9:5-36
activity#eu.rotterovi.martin.generatorslov.MainActivity
ADDED from src/main/AndroidManifest.xml:10:5-18:16
	android:label
		ADDED from src/main/AndroidManifest.xml:12:7-39
	android:name
		ADDED from src/main/AndroidManifest.xml:11:7-35
intent-filter#android.intent.action.MAIN+android.intent.category.LAUNCHER
ADDED from src/main/AndroidManifest.xml:13:7-17:23
action#android.intent.action.MAIN
ADDED from src/main/AndroidManifest.xml:14:9-60
	android:name
		ADDED from src/main/AndroidManifest.xml:14:17-58
category#android.intent.category.LAUNCHER
ADDED from src/main/AndroidManifest.xml:16:9-68
	android:name
		ADDED from src/main/AndroidManifest.xml:16:19-66
uses-sdk
INJECTED from src/main/AndroidManifest.xml reason: use-sdk injection requested
MERGED from [com.android.support:appcompat-v7:21.0.0] AndroidManifest.xml:15:5-42
MERGED from [com.android.support:support-v4:21.0.0] AndroidManifest.xml:15:5-42
MERGED from [com.android.support:support-v4:21.0.0] AndroidManifest.xml:15:5-42
	android:targetSdkVersion
		INJECTED from src/main/AndroidManifest.xml
		INJECTED from src/main/AndroidManifest.xml
	android:minSdkVersion
		INJECTED from src/main/AndroidManifest.xml
		INJECTED from src/main/AndroidManifest.xml